BankingMobileApp/app/build/intermediates/manifest_merge_blame_file/debug/processDebugMainManifest/manifest-merger-blame-debug-report.txt
1<?xml version="1.0" encoding="utf-8"?>
2<manifest xmlns:android="http://schemas.android.com/apk/res/android"
3    package="com.example.bankingmobileapp"
4    android:versionCode="1"
5    android:versionName="1.0" >
6
7    <uses-sdk
8        android:minSdkVersion="23"
9        android:targetSdkVersion="35" />
10
11    <uses-permission android:name="android.permission.INTERNET" />
11-->src\main\AndroidManifest.xml:4:5-67
11-->src\main\AndroidManifest.xml:4:22-64
12
13    <application
13-->src\main\AndroidManifest.xml:6:5-31:19
14        android:name="com.example.bankingmobileapp.BankingApplication"
14-->src\main\AndroidManifest.xml:7:9-43
15        android:allowBackup="false"
15-->src\main\AndroidManifest.xml:8:9-36
16        android:debuggable="true"
17        android:extractNativeLibs="false"
18        android:icon="@drawable/ic_launcher"
18-->src\main\AndroidManifest.xml:9:9-45
19        android:label="@string/app_name"
19-->src\main\AndroidManifest.xml:10:9-41
20        android:supportsRtl="true"
20-->src\main\AndroidManifest.xml:11:9-35
21        android:testOnly="true"
22        android:theme="@style/AppTheme"
22-->src\main\AndroidManifest.xml:12:9-40
23        android:usesCleartextTraffic="true" >
23-->src\main\AndroidManifest.xml:13:9-44
24        <activity
24-->src\main\AndroidManifest.xml:14:9-22:20
25            android:name="com.example.bankingmobileapp.WelcomeActivity"
25-->src\main\AndroidManifest.xml:15:13-44
26            android:exported="true" >
26-->src\main\AndroidManifest.xml:16:13-36
27            <intent-filter>
27-->src\main\AndroidManifest.xml:17:13-21:29
28                <action android:name="android.intent.action.MAIN" />
28-->src\main\AndroidManifest.xml:18:17-69
28-->src\main\AndroidManifest.xml:18:25-66
29
30                <category android:name="android.intent.category.LAUNCHER" />
30-->src\main\AndroidManifest.xml:20:17-77
30-->src\main\AndroidManifest.xml:20:27-74
31            </intent-filter>
32        </activity>
33        <activity android:name="com.example.bankingmobileapp.QuickLoginActivity" />
33-->src\main\AndroidManifest.xml:23:9-56
33-->src\main\AndroidManifest.xml:23:19-53
34        <activity android:name="com.example.bankingmobileapp.LoginActivity" />
34-->src\main\AndroidManifest.xml:24:9-51
34-->src\main\AndroidManifest.xml:24:19-48
35        <activity android:name="com.example.bankingmobileapp.HistoryActivity" />
35-->src\main\AndroidManifest.xml:25:9-53
35-->src\main\AndroidManifest.xml:25:19-50
36        <activity android:name="com.example.bankingmobileapp.TransferActivity" />
36-->src\main\AndroidManifest.xml:26:9-54
36-->src\main\AndroidManifest.xml:26:19-51
37        <activity android:name="com.example.bankingmobileapp.TransactionActivity" />
37-->src\main\AndroidManifest.xml:27:9-57
37-->src\main\AndroidManifest.xml:27:19-54
38        <activity android:name="com.example.bankingmobileapp.AccountActivity" />
38-->src\main\AndroidManifest.xml:28:9-53
38-->src\main\AndroidManifest.xml:28:19-50
39        <activity android:name="com.example.bankingmobileapp.RegisterActivity" />
39-->src\main\AndroidManifest.xml:29:9-54
39-->src\main\AndroidManifest.xml:29:19-51
40        <activity android:name="com.example.bankingmobileapp.MainActivity" />
40-->src\main\AndroidManifest.xml:30:9-50
40-->src\main\AndroidManifest.xml:30:19-47
41    </application>
42
43</manifest>